-------------------------------------------------------------------------------
Test set: com.parkit.parkingsystem.util.InputReaderUtilTest
-------------------------------------------------------------------------------
Tests run: 8, Failures: 1, Errors: 0, Skipped: 0, Time elapsed: 0 s <<< FAILURE! - in com.parkit.parkingsystem.util.InputReaderUtilTest
testReadVehicleRegistrationNumber_NullInput  Time elapsed: 0 s  <<< FAILURE!
org.opentest4j.AssertionFailedError: Expected java.lang.IllegalArgumentException to be thrown, but nothing was thrown.
	at com.parkit.parkingsystem.util.InputReaderUtilTest.testReadVehicleRegistrationNumber_NullInput(InputReaderUtilTest.java:113)

